<testsuites id="" name="" tests="2" failures="1" skipped="1" errors="0" time="17.926158">
<testsuite name="ws-badge.spec.ts" timestamp="2025-10-30T16:36:02.541Z" hostname="chromium" tests="2" failures="1" skipped="1" time="13.109" errors="0">
<testcase name="WS badge › Dev/Mock: gri rozet ve &quot;Dev Mode&quot; metni" classname="ws-badge.spec.ts" time="12.828">
<failure message="ws-badge.spec.ts:4:7 Dev/Mock: gri rozet ve &quot;Dev Mode&quot; metni" type="FAILURE">
<![CDATA[  [chromium] › ws-badge.spec.ts:4:7 › WS badge › Dev/Mock: gri rozet ve "Dev Mode" metni ───────────

    Error: expect(locator).toBeVisible() failed

    Locator: getByTestId('ws-badge').first()
    Expected: visible
    Timeout: 5000ms
    Error: element(s) not found

    Call log:
      - Expect "toBeVisible" with timeout 5000ms
      - waiting for getByTestId('ws-badge').first()


       8 |     const env = await page.locator('body').getAttribute('data-env');
       9 |     const badge = page.getByTestId('ws-badge').first();
    > 10 |     await expect(badge).toBeVisible();
         |                         ^
      11 |
      12 |     if (env !== 'prod') {
      13 |       await expect(badge).toHaveAttribute('data-variant', 'unknown');
        at C:\dev\CursorGPT_IDE\apps\web-next\tests\e2e\ws-badge.spec.ts:10:25

    attachment #1: screenshot (image/png) ──────────────────────────────────────────────────────────
    ..\..\test-results\ws-badge-WS-badge-Dev-Mock-gri-rozet-ve-Dev-Mode-metni-chromium\test-failed-1.png
    ────────────────────────────────────────────────────────────────────────────────────────────────

    attachment #2: video (video/webm) ──────────────────────────────────────────────────────────────
    ..\..\test-results\ws-badge-WS-badge-Dev-Mock-gri-rozet-ve-Dev-Mode-metni-chromium\video.webm
    ────────────────────────────────────────────────────────────────────────────────────────────────

    Error Context: ..\..\test-results\ws-badge-WS-badge-Dev-Mock-gri-rozet-ve-Dev-Mode-metni-chromium\error-context.md

    Retry #1 ───────────────────────────────────────────────────────────────────────────────────────

    Error: expect(locator).toBeVisible() failed

    Locator: getByTestId('ws-badge').first()
    Expected: visible
    Timeout: 5000ms
    Error: element(s) not found

    Call log:
      - Expect "toBeVisible" with timeout 5000ms
      - waiting for getByTestId('ws-badge').first()


       8 |     const env = await page.locator('body').getAttribute('data-env');
       9 |     const badge = page.getByTestId('ws-badge').first();
    > 10 |     await expect(badge).toBeVisible();
         |                         ^
      11 |
      12 |     if (env !== 'prod') {
      13 |       await expect(badge).toHaveAttribute('data-variant', 'unknown');
        at C:\dev\CursorGPT_IDE\apps\web-next\tests\e2e\ws-badge.spec.ts:10:25

    attachment #1: screenshot (image/png) ──────────────────────────────────────────────────────────
    ..\..\test-results\ws-badge-WS-badge-Dev-Mock-gri-rozet-ve-Dev-Mode-metni-chromium-retry1\test-failed-1.png
    ────────────────────────────────────────────────────────────────────────────────────────────────

    attachment #2: video (video/webm) ──────────────────────────────────────────────────────────────
    ..\..\test-results\ws-badge-WS-badge-Dev-Mock-gri-rozet-ve-Dev-Mode-metni-chromium-retry1\video.webm
    ────────────────────────────────────────────────────────────────────────────────────────────────

    Error Context: ..\..\test-results\ws-badge-WS-badge-Dev-Mock-gri-rozet-ve-Dev-Mode-metni-chromium-retry1\error-context.md

    attachment #4: trace (application/zip) ─────────────────────────────────────────────────────────
    ..\..\test-results\ws-badge-WS-badge-Dev-Mock-gri-rozet-ve-Dev-Mode-metni-chromium-retry1\trace.zip
    Usage:

        pnpm exec playwright show-trace ..\..\test-results\ws-badge-WS-badge-Dev-Mock-gri-rozet-ve-Dev-Mode-metni-chromium-retry1\trace.zip

    ────────────────────────────────────────────────────────────────────────────────────────────────
]]>
</failure>
<system-out>
<![CDATA[
[[ATTACHMENT|test-results\ws-badge-WS-badge-Dev-Mock-gri-rozet-ve-Dev-Mode-metni-chromium\test-failed-1.png]]

[[ATTACHMENT|test-results\ws-badge-WS-badge-Dev-Mock-gri-rozet-ve-Dev-Mode-metni-chromium\video.webm]]

[[ATTACHMENT|test-results\ws-badge-WS-badge-Dev-Mock-gri-rozet-ve-Dev-Mode-metni-chromium\error-context.md]]

[[ATTACHMENT|test-results\ws-badge-WS-badge-Dev-Mock-gri-rozet-ve-Dev-Mode-metni-chromium-retry1\test-failed-1.png]]

[[ATTACHMENT|test-results\ws-badge-WS-badge-Dev-Mock-gri-rozet-ve-Dev-Mode-metni-chromium-retry1\video.webm]]

[[ATTACHMENT|test-results\ws-badge-WS-badge-Dev-Mock-gri-rozet-ve-Dev-Mode-metni-chromium-retry1\error-context.md]]

[[ATTACHMENT|test-results\ws-badge-WS-badge-Dev-Mock-gri-rozet-ve-Dev-Mode-metni-chromium-retry1\trace.zip]]
]]>
</system-out>
</testcase>
<testcase name="WS badge › Prod: WS kapalıyken kırmızı" classname="ws-badge.spec.ts" time="0.281">
<properties>
<property name="skip" value="Sadece prod envde koşar">
</property>
</properties>
<skipped>
</skipped>
</testcase>
</testsuite>
</testsuites>